<?xml version="1.0" encoding="UTF-8"?>
<!-- Generated by org.testng.reporters.JUnitReportReporter -->
<testsuite skipped="0" hostname="DESKTOP-QKI5LTU" name="org.tng.Testngtask3" tests="1" failures="0" timestamp="2020-07-09T15:19:41 IST" time="29.221" errors="0">
  <testcase name="webpage" time="29.221" classname="org.tng.Testngtask3"/>
  <system-out/>
</testsuite> <!-- org.tng.Testngtask3 -->
