<?xml version="1.0" encoding="UTF-8"?>
<!-- Generated by org.testng.reporters.JUnitReportReporter -->
<testsuite skipped="0" hostname="DESKTOP-QKI5LTU" name="org.tng.Testng2" tests="3" failures="0" timestamp="2020-06-28T20:21:35 IST" time="26.523" errors="0">
  <testcase name="trail" time="10.922" classname="org.tng.Testng2"/>
  <system-out/>
  <testcase name="trail" time="7.795" classname="org.tng.Testng2"/>
  <system-out/>
  <testcase name="trail" time="7.806" classname="org.tng.Testng2"/>
  <system-out/>
</testsuite> <!-- org.tng.Testng2 -->
