<?xml version="1.0" encoding="UTF-8"?>
<!-- Generated by org.testng.reporters.JUnitReportReporter -->
<testsuite skipped="0" hostname="DESKTOP-QKI5LTU" name="org.tng.Testngtask2" tests="1" failures="0" timestamp="2020-07-09T14:56:47 IST" time="20.608" errors="0">
  <testcase name="webpage" time="20.608" classname="org.tng.Testngtask2"/>
  <system-out/>
</testsuite> <!-- org.tng.Testngtask2 -->
