<?xml version="1.0" encoding="UTF-8"?>
<!-- Generated by org.testng.reporters.JUnitReportReporter -->
<testsuite skipped="0" hostname="DESKTOP-QKI5LTU" name="org.tng.Testng3" tests="3" failures="0" timestamp="2020-06-29T19:01:17 IST" time="0.036" errors="0">
  <testcase name="Test1" time="0.017" classname="org.tng.Testng3"/>
  <system-out/>
  <testcase name="Test3" time="0.015" classname="org.tng.Testng3"/>
  <system-out/>
  <testcase name="Test4" time="0.004" classname="org.tng.Testng3"/>
  <system-out/>
</testsuite> <!-- org.tng.Testng3 -->
