<?xml version="1.0" encoding="UTF-8"?>
<!-- Generated by org.testng.reporters.JUnitReportReporter -->
<testsuite skipped="0" hostname="DESKTOP-QKI5LTU" name="org.tng.Testngtask1" tests="1" failures="0" timestamp="2020-07-09T14:54:25 IST" time="38.593" errors="0">
  <testcase name="webpage" time="38.593" classname="org.tng.Testngtask1"/>
  <system-out/>
</testsuite> <!-- org.tng.Testngtask1 -->
